<?xml version="1.0" encoding="UTF-8"?>
<testsuite name="uk.co.huntersix.spring.rest.controller.HttpRequestTest" tests="1" skipped="0" failures="0" errors="0" timestamp="2022-02-21T17:49:39" hostname="LAPTOP-MR71U3T9" time="0.255">
  <properties/>
  <testcase name="shouldReturnPersonDetails" classname="uk.co.huntersix.spring.rest.controller.HttpRequestTest" time="0.255"/>
  <system-out><![CDATA[2022-02-21 23:19:37.357  INFO 7092 --- [    Test worker] .b.t.c.SpringBootTestContextBootstrapper : Neither @ContextConfiguration nor @ContextHierarchy found for test class [uk.co.huntersix.spring.rest.controller.HttpRequestTest], using SpringBootContextLoader
2022-02-21 23:19:37.358  INFO 7092 --- [    Test worker] o.s.t.c.support.AbstractContextLoader    : Could not detect default resource locations for test class [uk.co.huntersix.spring.rest.controller.HttpRequestTest]: no resource found for suffixes {-context.xml, Context.groovy}.
2022-02-21 23:19:37.358  INFO 7092 --- [    Test worker] t.c.s.AnnotationConfigContextLoaderUtils : Could not detect default configuration classes for test class [uk.co.huntersix.spring.rest.controller.HttpRequestTest]: HttpRequestTest does not declare any static, non-private, non-final, nested classes annotated with @Configuration.
2022-02-21 23:19:37.360  INFO 7092 --- [    Test worker] .b.t.c.SpringBootTestContextBootstrapper : Found @SpringBootConfiguration uk.co.huntersix.spring.rest.Application for test class uk.co.huntersix.spring.rest.controller.HttpRequestTest
2022-02-21 23:19:37.361  INFO 7092 --- [    Test worker] .b.t.c.SpringBootTestContextBootstrapper : Loaded default TestExecutionListener class names from location [META-INF/spring.factories]: [org.springframework.boot.test.autoconfigure.restdocs.RestDocsTestExecutionListener, org.springframework.boot.test.autoconfigure.web.client.MockRestServiceServerResetTestExecutionListener, org.springframework.boot.test.autoconfigure.web.servlet.MockMvcPrintOnlyOnFailureTestExecutionListener, org.springframework.boot.test.autoconfigure.web.servlet.WebDriverTestExecutionListener, org.springframework.boot.test.mock.mockito.MockitoTestExecutionListener, org.springframework.boot.test.mock.mockito.ResetMocksTestExecutionListener, org.springframework.test.context.web.ServletTestExecutionListener, org.springframework.test.context.support.DirtiesContextBeforeModesTestExecutionListener, org.springframework.test.context.support.DependencyInjectionTestExecutionListener, org.springframework.test.context.support.DirtiesContextTestExecutionListener, org.springframework.test.context.transaction.TransactionalTestExecutionListener, org.springframework.test.context.jdbc.SqlScriptsTestExecutionListener]
2022-02-21 23:19:37.362  INFO 7092 --- [    Test worker] .b.t.c.SpringBootTestContextBootstrapper : Using TestExecutionListeners: [org.springframework.test.context.web.ServletTestExecutionListener@5052da04, org.springframework.test.context.support.DirtiesContextBeforeModesTestExecutionListener@2c020792, org.springframework.boot.test.mock.mockito.MockitoTestExecutionListener@3df247dc, org.springframework.boot.test.autoconfigure.SpringBootDependencyInjectionTestExecutionListener@b1523eb, org.springframework.test.context.support.DirtiesContextTestExecutionListener@4dd15a77, org.springframework.boot.test.autoconfigure.restdocs.RestDocsTestExecutionListener@7153fac8, org.springframework.boot.test.autoconfigure.web.client.MockRestServiceServerResetTestExecutionListener@5e308f99, org.springframework.boot.test.autoconfigure.web.servlet.MockMvcPrintOnlyOnFailureTestExecutionListener@7c98f5cf, org.springframework.boot.test.autoconfigure.web.servlet.WebDriverTestExecutionListener@3b5d0ac9, org.springframework.boot.test.mock.mockito.ResetMocksTestExecutionListener@55b632d0]

  .   ____          _            __ _ _
 /\\ / ___'_ __ _ _(_)_ __  __ _ \ \ \ \
( ( )\___ | '_ | '_| | '_ \/ _` | \ \ \ \
 \\/  ___)| |_)| | | | | || (_| |  ) ) ) )
  '  |____| .__|_| |_|_| |_\__, | / / / /
 =========|_|==============|___/=/_/_/_/
 :: Spring Boot ::        (v2.1.6.RELEASE)

2022-02-21 23:19:37.384  INFO 7092 --- [    Test worker] u.c.h.s.rest.controller.HttpRequestTest  : Starting HttpRequestTest on LAPTOP-MR71U3T9 with PID 7092 (started by 91992 in D:\Spring_Assignment_Workspace\java-spring-restful-api-test)
2022-02-21 23:19:37.384  INFO 7092 --- [    Test worker] u.c.h.s.rest.controller.HttpRequestTest  : No active profile set, falling back to default profiles: default
2022-02-21 23:19:38.007  INFO 7092 --- [    Test worker] o.s.b.w.embedded.tomcat.TomcatWebServer  : Tomcat initialized with port(s): 0 (http)
2022-02-21 23:19:38.131  INFO 7092 --- [    Test worker] o.apache.catalina.core.StandardService   : Starting service [Tomcat]
2022-02-21 23:19:38.132  INFO 7092 --- [    Test worker] org.apache.catalina.core.StandardEngine  : Starting Servlet engine: [Apache Tomcat/9.0.21]
2022-02-21 23:19:38.484  INFO 7092 --- [    Test worker] o.a.c.c.C.[Tomcat].[localhost].[/]       : Initializing Spring embedded WebApplicationContext
2022-02-21 23:19:38.485  INFO 7092 --- [    Test worker] o.s.web.context.ContextLoader            : Root WebApplicationContext: initialization completed in 1100 ms
2022-02-21 23:19:38.835  INFO 7092 --- [    Test worker] o.s.s.concurrent.ThreadPoolTaskExecutor  : Initializing ExecutorService 'applicationTaskExecutor'
2022-02-21 23:19:38.997  INFO 7092 --- [    Test worker] o.s.b.w.embedded.tomcat.TomcatWebServer  : Tomcat started on port(s): 58020 (http) with context path ''
2022-02-21 23:19:38.998  INFO 7092 --- [    Test worker] u.c.h.s.rest.controller.HttpRequestTest  : Started HttpRequestTest in 1.635 seconds (JVM running for 7.786)
2022-02-21 23:19:39.131  INFO 7092 --- [o-auto-1-exec-1] o.a.c.c.C.[Tomcat].[localhost].[/]       : Initializing Spring DispatcherServlet 'dispatcherServlet'
2022-02-21 23:19:39.131  INFO 7092 --- [o-auto-1-exec-1] o.s.web.servlet.DispatcherServlet        : Initializing Servlet 'dispatcherServlet'
2022-02-21 23:19:39.160  INFO 7092 --- [o-auto-1-exec-1] o.s.web.servlet.DispatcherServlet        : Completed initialization in 29 ms
]]></system-out>
  <system-err><![CDATA[]]></system-err>
</testsuite>
