<?xml version="1.0" encoding="UTF-8"?>
<testsuite name="uk.co.huntersix.spring.rest.ApplicationTest" tests="1" skipped="0" failures="0" errors="0" timestamp="2022-02-21T17:49:37" hostname="LAPTOP-MR71U3T9" time="0.001">
  <properties/>
  <testcase name="contextLoads" classname="uk.co.huntersix.spring.rest.ApplicationTest" time="0.001"/>
  <system-out><![CDATA[2022-02-21 23:19:36.385  INFO 7092 --- [    Test worker] .b.t.c.SpringBootTestContextBootstrapper : Neither @ContextConfiguration nor @ContextHierarchy found for test class [uk.co.huntersix.spring.rest.ApplicationTest], using SpringBootContextLoader
2022-02-21 23:19:36.386  INFO 7092 --- [    Test worker] o.s.t.c.support.AbstractContextLoader    : Could not detect default resource locations for test class [uk.co.huntersix.spring.rest.ApplicationTest]: no resource found for suffixes {-context.xml, Context.groovy}.
2022-02-21 23:19:36.386  INFO 7092 --- [    Test worker] t.c.s.AnnotationConfigContextLoaderUtils : Could not detect default configuration classes for test class [uk.co.huntersix.spring.rest.ApplicationTest]: ApplicationTest does not declare any static, non-private, non-final, nested classes annotated with @Configuration.
2022-02-21 23:19:36.393  INFO 7092 --- [    Test worker] .b.t.c.SpringBootTestContextBootstrapper : Found @SpringBootConfiguration uk.co.huntersix.spring.rest.Application for test class uk.co.huntersix.spring.rest.ApplicationTest
2022-02-21 23:19:36.395  INFO 7092 --- [    Test worker] .b.t.c.SpringBootTestContextBootstrapper : Loaded default TestExecutionListener class names from location [META-INF/spring.factories]: [org.springframework.boot.test.autoconfigure.restdocs.RestDocsTestExecutionListener, org.springframework.boot.test.autoconfigure.web.client.MockRestServiceServerResetTestExecutionListener, org.springframework.boot.test.autoconfigure.web.servlet.MockMvcPrintOnlyOnFailureTestExecutionListener, org.springframework.boot.test.autoconfigure.web.servlet.WebDriverTestExecutionListener, org.springframework.boot.test.mock.mockito.MockitoTestExecutionListener, org.springframework.boot.test.mock.mockito.ResetMocksTestExecutionListener, org.springframework.test.context.web.ServletTestExecutionListener, org.springframework.test.context.support.DirtiesContextBeforeModesTestExecutionListener, org.springframework.test.context.support.DependencyInjectionTestExecutionListener, org.springframework.test.context.support.DirtiesContextTestExecutionListener, org.springframework.test.context.transaction.TransactionalTestExecutionListener, org.springframework.test.context.jdbc.SqlScriptsTestExecutionListener]
2022-02-21 23:19:36.396  INFO 7092 --- [    Test worker] .b.t.c.SpringBootTestContextBootstrapper : Using TestExecutionListeners: [org.springframework.test.context.web.ServletTestExecutionListener@3d36fc12, org.springframework.test.context.support.DirtiesContextBeforeModesTestExecutionListener@191008d7, org.springframework.boot.test.mock.mockito.MockitoTestExecutionListener@5e81ab4e, org.springframework.boot.test.autoconfigure.SpringBootDependencyInjectionTestExecutionListener@778b9199, org.springframework.test.context.support.DirtiesContextTestExecutionListener@7d573516, org.springframework.boot.test.autoconfigure.restdocs.RestDocsTestExecutionListener@6498ccdb, org.springframework.boot.test.autoconfigure.web.client.MockRestServiceServerResetTestExecutionListener@3710c0dd, org.springframework.boot.test.autoconfigure.web.servlet.MockMvcPrintOnlyOnFailureTestExecutionListener@1cbc98ff, org.springframework.boot.test.autoconfigure.web.servlet.WebDriverTestExecutionListener@5807f1fb, org.springframework.boot.test.mock.mockito.ResetMocksTestExecutionListener@7a5b0034]

  .   ____          _            __ _ _
 /\\ / ___'_ __ _ _(_)_ __  __ _ \ \ \ \
( ( )\___ | '_ | '_| | '_ \/ _` | \ \ \ \
 \\/  ___)| |_)| | | | | || (_| |  ) ) ) )
  '  |____| .__|_| |_|_| |_\__, | / / / /
 =========|_|==============|___/=/_/_/_/
 :: Spring Boot ::        (v2.1.6.RELEASE)

2022-02-21 23:19:36.416  INFO 7092 --- [    Test worker] u.c.h.spring.rest.ApplicationTest        : Starting ApplicationTest on LAPTOP-MR71U3T9 with PID 7092 (started by 91992 in D:\Spring_Assignment_Workspace\java-spring-restful-api-test)
2022-02-21 23:19:36.416  INFO 7092 --- [    Test worker] u.c.h.spring.rest.ApplicationTest        : No active profile set, falling back to default profiles: default
2022-02-21 23:19:37.172  INFO 7092 --- [    Test worker] o.s.s.concurrent.ThreadPoolTaskExecutor  : Initializing ExecutorService 'applicationTaskExecutor'
2022-02-21 23:19:37.347  INFO 7092 --- [    Test worker] u.c.h.spring.rest.ApplicationTest        : Started ApplicationTest in 0.949 seconds (JVM running for 6.135)
]]></system-out>
  <system-err><![CDATA[]]></system-err>
</testsuite>
